<?xml version="1.0" encoding="UTF-8"?>
<testng-results skipped="0" failed="1" total="4" passed="3">
  <reporter-output>
  </reporter-output>
  <suite name="Suite" duration-ms="238062" started-at="2020-08-04T08:53:08Z" finished-at="2020-08-04T08:57:06Z">
    <groups>
    </groups>
    <test name="all-tests" duration-ms="238062" started-at="2020-08-04T08:53:08Z" finished-at="2020-08-04T08:57:06Z">
      <class name="Com.qa.Test.Addresstest">
        <test-method status="PASS" signature="setup()[pri:0, instance:Com.qa.Test.Addresstest@161b062a]" name="setup" is-config="true" duration-ms="52886" started-at="2020-08-04T14:23:22Z" finished-at="2020-08-04T14:24:15Z">
          <reporter-output>
          </reporter-output>
        </test-method> <!-- setup -->
        <test-method status="FAIL" signature="addtest(java.lang.String, java.lang.String, java.lang.String, java.lang.String, java.lang.String, java.lang.String, java.lang.String, java.lang.String, java.lang.String, java.lang.String)[pri:0, instance:Com.qa.Test.Addresstest@161b062a]" name="addtest" duration-ms="25937" started-at="2020-08-04T14:24:15Z" data-provider="getData" finished-at="2020-08-04T14:24:41Z">
          <params>
            <param index="0">
              <value>
                <![CDATA[ABC pvt ltd.]]>
              </value>
            </param>
            <param index="1">
              <value>
                <![CDATA[Bharath kumar]]>
              </value>
            </param>
            <param index="2">
              <value>
                <![CDATA[Mani]]>
              </value>
            </param>
            <param index="3">
              <value>
                <![CDATA[7B, Natwest Homes]]>
              </value>
            </param>
            <param index="4">
              <value>
                <![CDATA[AGS colony velachery]]>
              </value>
            </param>
            <param index="5">
              <value>
                <![CDATA[Chennai]]>
              </value>
            </param>
            <param index="6">
              <value>
                <![CDATA[600042]]>
              </value>
            </param>
            <param index="7">
              <value>
                <![CDATA[India]]>
              </value>
            </param>
            <param index="8">
              <value>
                <![CDATA[bharathrec23@gmail.com]]>
              </value>
            </param>
            <param index="9">
              <value>
                <![CDATA[8667475943]]>
              </value>
            </param>
          </params>
          <exception class="org.openqa.selenium.NoSuchElementException">
            <message>
              <![CDATA[no such element: Unable to locate element: {"method":"xpath","selector":"//a[@class='btn btn-clear btn-block btn-action']"}
  (Session info: chrome=84.0.4147.105)
For documentation on this error, please visit: https://www.seleniumhq.org/exceptions/no_such_element.html
Build info: version: '3.141.59', revision: 'e82be7d358', time: '2018-11-14T08:17:03'
System info: host: 'DESKTOP-QGTLKMJ', ip: '192.168.43.16', os.name: 'Windows 10', os.arch: 'amd64', os.version: '10.0', java.version: '1.8.0_221'
Driver info: org.openqa.selenium.chrome.ChromeDriver
Capabilities {acceptInsecureCerts: false, browserName: chrome, browserVersion: 84.0.4147.105, chrome: {chromedriverVersion: 83.0.4103.39 (ccbf011cb2d2b..., userDataDir: C:\Users\M43E9~1.PRA\AppDat...}, goog:chromeOptions: {debuggerAddress: localhost:64066}, javascriptEnabled: true, networkConnectionEnabled: false, pageLoadStrategy: normal, platform: WINDOWS, platformName: WINDOWS, proxy: Proxy(), setWindowRect: true, strictFileInteractability: false, timeouts: {implicit: 0, pageLoad: 300000, script: 30000}, unhandledPromptBehavior: dismiss and notify, webauthn:virtualAuthenticators: true}
Session ID: a3ceeb179c595f16e6b328bec4a86150
*** Element info: {Using=xpath, value=//a[@class='btn btn-clear btn-block btn-action']}]]>
            </message>
            <full-stacktrace>
              <![CDATA[org.openqa.selenium.NoSuchElementException: no such element: Unable to locate element: {"method":"xpath","selector":"//a[@class='btn btn-clear btn-block btn-action']"}
  (Session info: chrome=84.0.4147.105)
For documentation on this error, please visit: https://www.seleniumhq.org/exceptions/no_such_element.html
Build info: version: '3.141.59', revision: 'e82be7d358', time: '2018-11-14T08:17:03'
System info: host: 'DESKTOP-QGTLKMJ', ip: '192.168.43.16', os.name: 'Windows 10', os.arch: 'amd64', os.version: '10.0', java.version: '1.8.0_221'
Driver info: org.openqa.selenium.chrome.ChromeDriver
Capabilities {acceptInsecureCerts: false, browserName: chrome, browserVersion: 84.0.4147.105, chrome: {chromedriverVersion: 83.0.4103.39 (ccbf011cb2d2b..., userDataDir: C:\Users\M43E9~1.PRA\AppDat...}, goog:chromeOptions: {debuggerAddress: localhost:64066}, javascriptEnabled: true, networkConnectionEnabled: false, pageLoadStrategy: normal, platform: WINDOWS, platformName: WINDOWS, proxy: Proxy(), setWindowRect: true, strictFileInteractability: false, timeouts: {implicit: 0, pageLoad: 300000, script: 30000}, unhandledPromptBehavior: dismiss and notify, webauthn:virtualAuthenticators: true}
Session ID: a3ceeb179c595f16e6b328bec4a86150
*** Element info: {Using=xpath, value=//a[@class='btn btn-clear btn-block btn-action']}
	at sun.reflect.NativeConstructorAccessorImpl.newInstance0(Native Method)
	at sun.reflect.NativeConstructorAccessorImpl.newInstance(Unknown Source)
	at sun.reflect.DelegatingConstructorAccessorImpl.newInstance(Unknown Source)
	at java.lang.reflect.Constructor.newInstance(Unknown Source)
	at org.openqa.selenium.remote.http.W3CHttpResponseCodec.createException(W3CHttpResponseCodec.java:187)
	at org.openqa.selenium.remote.http.W3CHttpResponseCodec.decode(W3CHttpResponseCodec.java:122)
	at org.openqa.selenium.remote.http.W3CHttpResponseCodec.decode(W3CHttpResponseCodec.java:49)
	at org.openqa.selenium.remote.HttpCommandExecutor.execute(HttpCommandExecutor.java:158)
	at org.openqa.selenium.remote.service.DriverCommandExecutor.execute(DriverCommandExecutor.java:83)
	at org.openqa.selenium.remote.RemoteWebDriver.execute(RemoteWebDriver.java:552)
	at org.openqa.selenium.remote.RemoteWebDriver.findElement(RemoteWebDriver.java:323)
	at org.openqa.selenium.remote.RemoteWebDriver.findElementByXPath(RemoteWebDriver.java:428)
	at org.openqa.selenium.By$ByXPath.findElement(By.java:353)
	at org.openqa.selenium.remote.RemoteWebDriver.findElement(RemoteWebDriver.java:315)
	at org.openqa.selenium.support.pagefactory.DefaultElementLocator.findElement(DefaultElementLocator.java:69)
	at org.openqa.selenium.support.pagefactory.internal.LocatingElementHandler.invoke(LocatingElementHandler.java:38)
	at com.sun.proxy.$Proxy10.click(Unknown Source)
	at com.pom.pack.Address.address(Address.java:53)
	at Com.qa.Test.Addresstest.addtest(Addresstest.java:48)
	at sun.reflect.NativeMethodAccessorImpl.invoke0(Native Method)
	at sun.reflect.NativeMethodAccessorImpl.invoke(Unknown Source)
	at sun.reflect.DelegatingMethodAccessorImpl.invoke(Unknown Source)
	at java.lang.reflect.Method.invoke(Unknown Source)
	at org.testng.internal.MethodInvocationHelper.invokeMethod(MethodInvocationHelper.java:80)
	at org.testng.internal.Invoker.invokeMethod(Invoker.java:714)
	at org.testng.internal.Invoker.invokeTestMethod(Invoker.java:901)
	at org.testng.internal.Invoker.invokeTestMethods(Invoker.java:1231)
	at org.testng.internal.TestMethodWorker.invokeTestMethods(TestMethodWorker.java:127)
	at org.testng.internal.TestMethodWorker.run(TestMethodWorker.java:111)
	at org.testng.TestRunner.privateRun(TestRunner.java:767)
	at org.testng.TestRunner.run(TestRunner.java:617)
	at org.testng.SuiteRunner.runTest(SuiteRunner.java:334)
	at org.testng.SuiteRunner.runSequentially(SuiteRunner.java:329)
	at org.testng.SuiteRunner.privateRun(SuiteRunner.java:291)
	at org.testng.SuiteRunner.run(SuiteRunner.java:240)
	at org.testng.SuiteRunnerWorker.runSuite(SuiteRunnerWorker.java:52)
	at org.testng.SuiteRunnerWorker.run(SuiteRunnerWorker.java:86)
	at org.testng.TestNG.runSuitesSequentially(TestNG.java:1198)
	at org.testng.TestNG.runSuitesLocally(TestNG.java:1123)
	at org.testng.TestNG.run(TestNG.java:1031)
	at org.testng.remote.AbstractRemoteTestNG.run(AbstractRemoteTestNG.java:115)
	at org.testng.remote.RemoteTestNG.initAndRun(RemoteTestNG.java:251)
	at org.testng.remote.RemoteTestNG.main(RemoteTestNG.java:77)
]]>
            </full-stacktrace>
          </exception> <!-- org.openqa.selenium.NoSuchElementException -->
          <reporter-output>
          </reporter-output>
        </test-method> <!-- addtest -->
        <test-method status="PASS" signature="teardown()[pri:0, instance:Com.qa.Test.Addresstest@161b062a]" name="teardown" is-config="true" duration-ms="1327" started-at="2020-08-04T14:24:43Z" finished-at="2020-08-04T14:24:45Z">
          <reporter-output>
          </reporter-output>
        </test-method> <!-- teardown -->
      </class> <!-- Com.qa.Test.Addresstest -->
      <class name="Com.qa.Test.Login_Test">
        <test-method status="PASS" signature="setup()[pri:0, instance:Com.qa.Test.Login_Test@5906ebcb]" name="setup" is-config="true" duration-ms="16248" started-at="2020-08-04T14:25:20Z" finished-at="2020-08-04T14:25:37Z">
          <reporter-output>
          </reporter-output>
        </test-method> <!-- setup -->
        <test-method status="PASS" signature="test()[pri:0, instance:Com.qa.Test.Login_Test@5906ebcb]" name="test" duration-ms="6697" started-at="2020-08-04T14:25:37Z" finished-at="2020-08-04T14:25:43Z">
          <reporter-output>
          </reporter-output>
        </test-method> <!-- test -->
        <test-method status="PASS" signature="Teardown()[pri:0, instance:Com.qa.Test.Login_Test@5906ebcb]" name="Teardown" is-config="true" duration-ms="958" started-at="2020-08-04T14:25:43Z" finished-at="2020-08-04T14:25:44Z">
          <reporter-output>
          </reporter-output>
        </test-method> <!-- Teardown -->
      </class> <!-- Com.qa.Test.Login_Test -->
      <class name="Com.qa.Test.Hometest">
        <test-method status="PASS" signature="setup()[pri:0, instance:Com.qa.Test.Hometest@3b2da18f]" name="setup" is-config="true" duration-ms="31335" started-at="2020-08-04T14:24:45Z" finished-at="2020-08-04T14:25:16Z">
          <reporter-output>
          </reporter-output>
        </test-method> <!-- setup -->
        <test-method status="PASS" signature="homet()[pri:0, instance:Com.qa.Test.Hometest@3b2da18f]" name="homet" duration-ms="3041" started-at="2020-08-04T14:25:16Z" finished-at="2020-08-04T14:25:19Z">
          <reporter-output>
          </reporter-output>
        </test-method> <!-- homet -->
        <test-method status="PASS" signature="teardown()[pri:0, instance:Com.qa.Test.Hometest@3b2da18f]" name="teardown" is-config="true" duration-ms="1225" started-at="2020-08-04T14:25:19Z" finished-at="2020-08-04T14:25:20Z">
          <reporter-output>
          </reporter-output>
        </test-method> <!-- teardown -->
      </class> <!-- Com.qa.Test.Hometest -->
      <class name="Com.qa.Test.Printertest">
        <test-method status="PASS" signature="setup()[pri:0, instance:Com.qa.Test.Printertest@258e2e41]" name="setup" is-config="true" duration-ms="38562" started-at="2020-08-04T14:25:44Z" finished-at="2020-08-04T14:26:23Z">
          <reporter-output>
          </reporter-output>
        </test-method> <!-- setup -->
        <test-method status="PASS" signature="data()[pri:0, instance:Com.qa.Test.Printertest@258e2e41]" name="data" duration-ms="40043" started-at="2020-08-04T14:26:23Z" finished-at="2020-08-04T14:27:03Z">
          <reporter-output>
          </reporter-output>
        </test-method> <!-- data -->
        <test-method status="PASS" signature="teardown()[pri:0, instance:Com.qa.Test.Printertest@258e2e41]" name="teardown" is-config="true" duration-ms="2845" started-at="2020-08-04T14:27:03Z" finished-at="2020-08-04T14:27:06Z">
          <reporter-output>
          </reporter-output>
        </test-method> <!-- teardown -->
      </class> <!-- Com.qa.Test.Printertest -->
    </test> <!-- all-tests -->
  </suite> <!-- Suite -->
</testng-results>
